<testsuites name="jest tests" tests="8" failures="0" time="14.172">
  <testsuite name="/users route testing" errors="0" failures="0" skipped="0" timestamp="2018-12-09T10:00:31" time="13.007" tests="8">
    <testcase classname="/users route testing POST for signup on new user" name="/users route testing POST for signup on new user" time="0.488">
    </testcase>
    <testcase classname="/users route testing POST for signup on existing user" name="/users route testing POST for signup on existing user" time="0.525">
    </testcase>
    <testcase classname="/users route testing DELETE existing user" name="/users route testing DELETE existing user" time="0.459">
    </testcase>
    <testcase classname="/users route testing POST login with valid input" name="/users route testing POST login with valid input" time="0.42">
    </testcase>
    <testcase classname="/users route testing POST login with invalid input" name="/users route testing POST login with invalid input" time="0.069">
    </testcase>
    <testcase classname="/users route testing GET all users" name="/users route testing GET all users" time="0.613">
    </testcase>
    <testcase classname="/users route testing GET one existing user" name="/users route testing GET one existing user" time="0.61">
    </testcase>
    <testcase classname="/users route testing GET one invalid user" name="/users route testing GET one invalid user" time="0.489">
    </testcase>
  </testsuite>
</testsuites>